<?xml version="1.0" encoding="utf-8"?><testsuites><testsuite name="pytest" errors="0" failures="0" skipped="0" tests="1" time="0.119" timestamp="2022-10-27T06:11:28.763840" hostname="vm"><testcase classname="test.test_functions" name="test_with_patch" time="0.001" /></testsuite></testsuites>